android/build/outputs/logs/manifest-merger-debug-report.txt
-- Merging decision tree log ---
manifest
ADDED from Outbreak\android\AndroidManifest.xml:2:1-23:12
INJECTED from Outbreak\android\AndroidManifest.xml:2:1-23:12
INJECTED from Outbreak\android\AndroidManifest.xml:2:1-23:12
INJECTED from Outbreak\android\AndroidManifest.xml:2:1-23:12
INJECTED from Outbreak\android\AndroidManifest.xml:2:1-23:12
INJECTED from Outbreak\android\AndroidManifest.xml:2:1-23:12
INJECTED from Outbreak\android\AndroidManifest.xml:2:1-23:12
	package
		ADDED from Outbreak\android\AndroidManifest.xml:3:5-52
		INJECTED from Outbreak\android\AndroidManifest.xml
		INJECTED from Outbreak\android\AndroidManifest.xml
	android:versionName
		INJECTED from Outbreak\android\AndroidManifest.xml
		ADDED from Outbreak\android\AndroidManifest.xml:2:1-23:12
		INJECTED from Outbreak\android\AndroidManifest.xml
	android:versionCode
		INJECTED from Outbreak\android\AndroidManifest.xml
		ADDED from Outbreak\android\AndroidManifest.xml:2:1-23:12
		INJECTED from Outbreak\android\AndroidManifest.xml
	xmlns:android
		ADDED from Outbreak\android\AndroidManifest.xml:2:11-69
application
ADDED from Outbreak\android\AndroidManifest.xml:5:5-21:19
	android:label
		ADDED from Outbreak\android\AndroidManifest.xml:9:9-41
	android:icon
		ADDED from Outbreak\android\AndroidManifest.xml:7:9-45
	android:allowBackup
		ADDED from Outbreak\android\AndroidManifest.xml:6:9-35
	android:theme
		ADDED from Outbreak\android\AndroidManifest.xml:10:9-40
	android:isGame
		ADDED from Outbreak\android\AndroidManifest.xml:8:9-30
activity#com.mahmoud.practice.outbreak.android.AndroidLauncher
ADDED from Outbreak\android\AndroidManifest.xml:11:9-20:20
	android:screenOrientation
		ADDED from Outbreak\android\AndroidManifest.xml:14:13-49
	android:label
		ADDED from Outbreak\android\AndroidManifest.xml:13:13-45
	android:configChanges
		ADDED from Outbreak\android\AndroidManifest.xml:15:13-83
	android:name
		ADDED from Outbreak\android\AndroidManifest.xml:12:13-81
intent-filter#android.intent.action.MAIN+android.intent.category.LAUNCHER
ADDED from Outbreak\android\AndroidManifest.xml:16:13-19:29
action#android.intent.action.MAIN
ADDED from Outbreak\android\AndroidManifest.xml:17:17-69
	android:name
		ADDED from Outbreak\android\AndroidManifest.xml:17:25-66
category#android.intent.category.LAUNCHER
ADDED from Outbreak\android\AndroidManifest.xml:18:17-77
	android:name
		ADDED from Outbreak\android\AndroidManifest.xml:18:27-74
uses-sdk
INJECTED from Outbreak\android\AndroidManifest.xml reason: use-sdk injection requested
INJECTED from Outbreak\android\AndroidManifest.xml
INJECTED from Outbreak\android\AndroidManifest.xml
INJECTED from Outbreak\android\AndroidManifest.xml
INJECTED from Outbreak\android\AndroidManifest.xml
	android:targetSdkVersion
		INJECTED from Outbreak\android\AndroidManifest.xml
		ADDED from Outbreak\android\AndroidManifest.xml
		INJECTED from Outbreak\android\AndroidManifest.xml
	android:minSdkVersion
		INJECTED from Outbreak\android\AndroidManifest.xml
		ADDED from Outbreak\android\AndroidManifest.xml
		INJECTED from Outbreak\android\AndroidManifest.xml